<?xml version="1.0" encoding="utf-8"?><testsuites name="pytest tests"><testsuite name="pytest" errors="0" failures="0" skipped="0" tests="5" time="1.706" timestamp="2026-08-29T16:17:44.863924+00:00" hostname="agent-env-bb195a09-1550-4f0c-ac95-72616802328b"><testcase classname="tests.test_gallery_delete" name="test_list_creations" time="0.269" /><testcase classname="tests.test_gallery_delete" name="test_image_cache_control_and_payload" time="0.714" /><testcase classname="tests.test_gallery_delete" name="test_image_404_for_unknown_id" time="0.080" /><testcase classname="tests.test_gallery_delete" name="test_logo_status_still_set" time="0.085" /><testcase classname="tests.test_gallery_delete" name="test_delete_without_pin_unauthorized" time="0.147" /></testsuite></testsuites>