<?xml version="1.0" encoding="utf-8"?><testsuites name="pytest tests"><testsuite name="pytest" errors="0" failures="0" skipped="0" tests="6" time="2.116" timestamp="2026-09-24T05:06:01.841635+00:00" hostname="agent-env-bb195a09-1550-4f0c-ac95-72616802328b"><testcase classname="tests.test_instax_name.TestCreationsListName" name="test_named_creation_in_list_with_name" time="0.322" /><testcase classname="tests.test_instax_name.TestNamedDownloadFilename" name="test_dl_uses_slugified_name" time="0.661" /><testcase classname="tests.test_instax_name.TestCreationsListName" name="test_at_least_one_creation_without_name" time="0.135" /><testcase classname="tests.test_instax_name.TestInstaxDimensions" name="test_named_image_is_1200x1600_jpeg" time="0.401" /><testcase classname="tests.test_instax_name.TestNamedDownloadFilename" name="test_no_dl_no_disposition" time="0.497" /><testcase classname="tests.test_instax_name.TestNamedDownloadFilename" name="test_unnamed_creation_filename_starts_plena_snap" time="0.614" /></testsuite></testsuites>