<?xml version="1.0" encoding="utf-8"?><testsuites name="pytest tests"><testsuite name="pytest" errors="0" failures="3" skipped="0" tests="7" time="1.028" timestamp="2026-09-24T05:48:02.484528+00:00" hostname="agent-env-bb195a09-1550-4f0c-ac95-72616802328b"><testcase classname="tests.backend_test.TestKarikaBooth" name="test_root" time="0.290" /><testcase classname="tests.backend_test.TestKarikaBooth" name="test_logo_status_exists" time="0.060" /><testcase classname="tests.backend_test.TestKarikaBooth" name="test_upload_non_image_rejected" time="0.067"><failure message="AssertionError: {&quot;detail&quot;:&quot;Çok fazla istek, lütfen biraz bekleyip tekrar deneyin&quot;}&#10;assert 429 == 400&#10; +  where 429 = &lt;Response [429]&gt;.status_code">tests/backend_test.py:56: in test_upload_non_image_rejected
    assert r.status_code == 400, r.text[:300]
E   AssertionError: {"detail":"Çok fazla istek, lütfen biraz bekleyip tekrar deneyin"}
E   assert 429 == 400
E    +  where 429 = &lt;Response [429]&gt;.status_code</failure></testcase><testcase classname="tests.backend_test.TestKarikaBooth" name="test_caricature_invalid_base64" time="0.059"><failure message="AssertionError: expected 400, got 429: {&quot;detail&quot;:&quot;Çok fazla istek, lütfen biraz bekleyip tekrar deneyin&quot;}&#10;assert 429 == 400&#10; +  where 429 = &lt;Response [429]&gt;.status_code">tests/backend_test.py:61: in test_caricature_invalid_base64
    assert r.status_code == 400, f"expected 400, got {r.status_code}: {r.text[:300]}"
E   AssertionError: expected 400, got 429: {"detail":"Çok fazla istek, lütfen biraz bekleyip tekrar deneyin"}
E   assert 429 == 400
E    +  where 429 = &lt;Response [429]&gt;.status_code</failure></testcase><testcase classname="tests.backend_test.TestKarikaBooth" name="test_caricature_missing_field" time="0.061" /><testcase classname="tests.backend_test.TestKarikaBooth" name="test_get_image_not_found" time="0.059" /><testcase classname="tests.backend_test.TestKarikaBooth" name="test_delete_creation_not_found" time="0.060"><failure message="AssertionError: {&quot;detail&quot;:&quot;Çok fazla istek, lütfen biraz bekleyip tekrar deneyin&quot;}&#10;assert 429 == 404&#10; +  where 429 = &lt;Response [429]&gt;.status_code">tests/backend_test.py:139: in test_delete_creation_not_found
    assert r.status_code == 404, r.text[:300]
E   AssertionError: {"detail":"Çok fazla istek, lütfen biraz bekleyip tekrar deneyin"}
E   assert 429 == 404
E    +  where 429 = &lt;Response [429]&gt;.status_code</failure></testcase></testsuite></testsuites>