<?xml version="1.0" encoding="utf-8"?><testsuites name="pytest tests"><testsuite name="pytest" errors="0" failures="3" skipped="0" tests="37" time="5.116" timestamp="2026-09-24T05:43:45.962142+00:00" hostname="agent-env-bb195a09-1550-4f0c-ac95-72616802328b"><testcase classname="tests.test_security.TestAdminPinAndUpload" name="test_01_pin_available" time="0.000" /><testcase classname="tests.test_security.TestAdminPinAndUpload" name="test_02_delete_logo_without_pin_401" time="0.293" /><testcase classname="tests.test_security.TestAdminPinAndUpload" name="test_03_delete_logo_wrong_pin_401" time="0.061" /><testcase classname="tests.test_gallery_delete" name="test_list_creations" time="0.296" /><testcase classname="tests.test_gallery_delete" name="test_image_cache_control_and_payload" time="0.578" /><testcase classname="tests.test_security.TestAdminPinAndUpload" name="test_04_upload_logo_without_pin_401" time="0.071" /><testcase classname="tests.test_security.TestAdminPinAndUpload" name="test_05_upload_spoofed_content_type_rejected" time="0.209" /><testcase classname="tests.test_security.TestAdminPinAndUpload" name="test_06_real_gif_rejected" time="0.062" /><testcase classname="tests.test_security.TestAdminPinAndUpload" name="test_07_upload_real_plena_logo_with_correct_pin" time="0.624" /><testcase classname="tests.test_gallery_delete" name="test_image_404_for_unknown_id" time="0.063" /><testcase classname="tests.test_gallery_delete" name="test_logo_status_still_set" time="0.059" /><testcase classname="tests.test_gallery_delete" name="test_delete_without_pin_unauthorized" time="0.118" /><testcase classname="tests.test_share_download.TestImageDownload" name="test_dl_param_sets_attachment" time="0.490" /><testcase classname="tests.test_security.TestAdminPinAndUpload" name="test_08_admin_rate_limit_429" time="0.240" /><testcase classname="tests.test_security.TestRegression" name="test_root" time="0.061" /><testcase classname="tests.test_share_download.TestImageDownload" name="test_no_dl_param_no_attachment" time="0.355" /><testcase classname="tests.test_security.TestRegression" name="test_logo_status_and_image" time="0.288" /><testcase classname="tests.test_security.TestRegression" name="test_creations_and_image" time="0.080"><failure message="AssertionError: assert {'created_at', 'id', 'name'} == {'created_at', 'id'}&#10;  &#10;  Extra items in the left set:&#10;  'name'&#10;  &#10;  Full diff:&#10;    {&#10;        'created_at',...&#10;  &#10;  ...Full output truncated (3 lines hidden), use '-vv' to show">tests/test_security.py:160: in test_creations_and_image
    assert set(first.keys()) == {"id", "created_at"}
E   AssertionError: assert {'created_at', 'id', 'name'} == {'created_at', 'id'}
E     
E     Extra items in the left set:
E     'name'
E     
E     Full diff:
E       {
E           'created_at',...
E     
E     ...Full output truncated (3 lines hidden), use '-vv' to show</failure></testcase><testcase classname="tests.test_share_download.TestImageDownload" name="test_dl_zero_no_attachment" time="0.365" /><testcase classname="tests.test_security.TestRegression" name="test_image_404" time="0.061" /><testcase classname="tests.test_share_download.TestSharePage" name="test_share_page_valid" time="0.275" /><testcase classname="tests.test_share_download.TestImageDownload" name="test_invalid_image_404" time="0.108" /><testcase classname="tests.test_share_download.TestSharePage" name="test_share_page_invalid_id_404" time="0.138" /><testcase classname="tests.test_instax_name.TestNamedDownloadFilename" name="test_dl_uses_slugified_name" time="0.488" /><testcase classname="tests.test_share_download.TestSharePage" name="test_share_page_image_resolves" time="1.164" /><testcase classname="tests.test_instax_name.TestNamedDownloadFilename" name="test_no_dl_no_disposition" time="0.339" /><testcase classname="tests.test_instax_name.TestNamedDownloadFilename" name="test_unnamed_creation_filename_starts_plena_snap" time="0.470" /><testcase classname="tests.test_frame.TestFramedCreation" name="test_newest_creation_named_cerceve_testi" time="0.124"><failure message="AssertionError: newest name is None, id=da961d76-33fc-4b01-97d3-6eff0c15af4a&#10;assert None == 'Çerçeve Testi'&#10; +  where None = &lt;built-in method get of dict object at 0xf9daa1b877c0&gt;('name')&#10; +    where &lt;built-in method get of dict object at 0xf9daa1b877c0&gt; = {'id': 'da961d76-33fc-4b01-97d3-6eff0c15af4a', 'created_at': '2026-09-24T05:41:51.474838+00:00', 'name': None}.get">tests/test_frame.py:38: in test_newest_creation_named_cerceve_testi
    assert newest.get("name") == "Çerçeve Testi", f"newest name is {newest.get('name')}, id={newest.get('id')}"
E   AssertionError: newest name is None, id=da961d76-33fc-4b01-97d3-6eff0c15af4a
E   assert None == 'Çerçeve Testi'
E    +  where None = &lt;built-in method get of dict object at 0xf9daa1b877c0&gt;('name')
E    +    where &lt;built-in method get of dict object at 0xf9daa1b877c0&gt; = {'id': 'da961d76-33fc-4b01-97d3-6eff0c15af4a', 'created_at': '2026-09-24T05:41:51.474838+00:00', 'name': None}.get</failure></testcase><testcase classname="tests.test_frame.TestCaricatureRequestFrameValidation" name="test_invalid_base64_with_frame_true_returns_400_no_crash" time="0.116" /><testcase classname="tests.test_frame.TestFramedCreation" name="test_framed_image_has_white_border_and_strip" time="0.117"><failure message="AssertionError: assert None == 'Çerçeve Testi'&#10; +  where None = &lt;built-in method get of dict object at 0xf9daa1cdd180&gt;('name')&#10; +    where &lt;built-in method get of dict object at 0xf9daa1cdd180&gt; = {'id': 'da961d76-33fc-4b01-97d3-6eff0c15af4a', 'created_at': '2026-09-24T05:41:51.474838+00:00', 'name': None}.get">tests/test_frame.py:43: in test_framed_image_has_white_border_and_strip
    assert newest.get("name") == "Çerçeve Testi"
E   AssertionError: assert None == 'Çerçeve Testi'
E    +  where None = &lt;built-in method get of dict object at 0xf9daa1cdd180&gt;('name')
E    +    where &lt;built-in method get of dict object at 0xf9daa1cdd180&gt; = {'id': 'da961d76-33fc-4b01-97d3-6eff0c15af4a', 'created_at': '2026-09-24T05:41:51.474838+00:00', 'name': None}.get</failure></testcase><testcase classname="tests.test_frame.TestCaricatureRequestFrameValidation" name="test_frame_field_accepts_boolean_false" time="0.116" /><testcase classname="tests.test_instax_name.TestCreationsListName" name="test_named_creation_in_list_with_name" time="0.149" /><testcase classname="tests.test_security.TestCaricatureRateLimit" name="test_invalid_body_then_429" time="0.474" /><testcase classname="tests.test_instax_name.TestCreationsListName" name="test_at_least_one_creation_without_name" time="0.127" /><testcase classname="tests.test_frame.TestUnframedCreation" name="test_older_unframed_has_non_white_corner" time="0.388" /><testcase classname="tests.test_security.TestCors" name="test_preflight_allows_admin_pin_no_credentials" time="0.002" /><testcase classname="tests.test_instax_name.TestInstaxDimensions" name="test_named_image_is_1200x1600_jpeg" time="0.322" /></testsuite></testsuites>