<?xml version="1.0" encoding="utf-8"?><testsuites name="pytest tests"><testsuite name="pytest" errors="0" failures="0" skipped="0" tests="4" time="2.742" timestamp="2026-08-30T05:09:59.080920+00:00" hostname="agent-env-bb195a09-1550-4f0c-ac95-72616802328b"><testcase classname="tests.test_login_gate.TestVerifyPin" name="test_no_header_401" time="0.299" /><testcase classname="tests.test_login_gate.TestVerifyGestureVLM" name="test_l_sign_image_unlocks" time="2.210" /><testcase classname="tests.test_login_gate.TestVerifyPin" name="test_wrong_pin_401" time="1.050" /><testcase classname="tests.test_login_gate.TestVerifyPin" name="test_correct_pin_200" time="1.043" /></testsuite></testsuites>