<?xml version="1.0" encoding="utf-8"?><testsuites name="pytest tests"><testsuite name="pytest" errors="0" failures="0" skipped="0" tests="3" time="0.724" timestamp="2026-09-24T05:51:05.986392+00:00" hostname="agent-env-bb195a09-1550-4f0c-ac95-72616802328b"><testcase classname="tests.test_decode_image_helper.TestVerifyGestureDecode" name="test_invalid_base64_returns_400" time="0.272" /><testcase classname="tests.test_decode_image_helper.TestCaricatureDecode" name="test_invalid_photo_base64_returns_400_gecersiz_gorsel" time="0.266" /><testcase classname="tests.test_decode_image_helper.TestCaricatureDecode" name="test_valid_photo_invalid_logo_returns_400_gecersiz_logo" time="0.132" /></testsuite></testsuites>