<?xml version="1.0" encoding="utf-8"?><testsuites name="pytest tests"><testsuite name="pytest" errors="0" failures="0" skipped="0" tests="8" time="7.414" timestamp="2026-09-24T05:46:20.011315+00:00" hostname="agent-env-bb195a09-1550-4f0c-ac95-72616802328b"><testcase classname="tests.test_login_gate.TestVerifyGestureValidation" name="test_invalid_base64_returns_400" time="0.289" /><testcase classname="tests.test_login_gate.TestVerifyGestureValidation" name="test_non_image_base64_returns_400" time="0.061" /><testcase classname="tests.test_login_gate.TestVerifyGestureValidation" name="test_missing_field_returns_422" time="0.065" /><testcase classname="tests.test_login_gate.TestVerifyGestureVLM" name="test_l_sign_image_unlocks" time="2.113" /><testcase classname="tests.test_login_gate.TestVerifyGestureVLM" name="test_no_hand_image_rejected" time="2.675" /><testcase classname="tests.test_login_gate.TestVerifyPin" name="test_no_header_401" time="0.063" /><testcase classname="tests.test_login_gate.TestVerifyPin" name="test_wrong_pin_401" time="1.067" /><testcase classname="tests.test_login_gate.TestVerifyPin" name="test_correct_pin_200" time="1.065" /></testsuite></testsuites>