<?xml version="1.0" encoding="utf-8"?><testsuites name="pytest tests"><testsuite name="pytest" errors="0" failures="0" skipped="0" tests="5" time="1.619" timestamp="2026-09-24T05:20:02.623605+00:00" hostname="agent-env-bb195a09-1550-4f0c-ac95-72616802328b"><testcase classname="tests.test_frame.TestCaricatureRequestFrameValidation" name="test_invalid_base64_with_frame_true_returns_400_no_crash" time="0.314" /><testcase classname="tests.test_frame.TestFramedCreation" name="test_newest_creation_named_cerceve_testi" time="0.350" /><testcase classname="tests.test_frame.TestCaricatureRequestFrameValidation" name="test_frame_field_accepts_boolean_false" time="0.152" /><testcase classname="tests.test_frame.TestFramedCreation" name="test_framed_image_has_white_border_and_strip" time="0.551" /><testcase classname="tests.test_frame.TestUnframedCreation" name="test_older_unframed_has_non_white_corner" time="0.389" /></testsuite></testsuites>