<?xml version="1.0" encoding="utf-8"?><testsuites name="pytest tests"><testsuite name="pytest" errors="0" failures="2" skipped="0" tests="4" time="0.977" timestamp="2026-09-24T05:49:38.051678+00:00" hostname="agent-env-bb195a09-1550-4f0c-ac95-72616802328b"><testcase classname="tests.backend_test.TestKarikaBooth" name="test_upload_non_image_rejected" time="0.279"><failure message="AssertionError: {&quot;detail&quot;:&quot;Geçersiz yönetici PIN'i&quot;}&#10;assert 401 == 400&#10; +  where 401 = &lt;Response [401]&gt;.status_code">tests/backend_test.py:56: in test_upload_non_image_rejected
    assert r.status_code == 400, r.text[:300]
E   AssertionError: {"detail":"Geçersiz yönetici PIN'i"}
E   assert 401 == 400
E    +  where 401 = &lt;Response [401]&gt;.status_code</failure></testcase><testcase classname="tests.backend_test.TestKarikaBooth" name="test_caricature_invalid_base64" time="0.076" /><testcase classname="tests.backend_test.TestKarikaBooth" name="test_caricature_missing_field" time="0.082" /><testcase classname="tests.backend_test.TestKarikaBooth" name="test_delete_creation_not_found" time="0.161"><failure message="AssertionError: {&quot;detail&quot;:&quot;Geçersiz yönetici PIN'i&quot;}&#10;assert 401 == 404&#10; +  where 401 = &lt;Response [401]&gt;.status_code">tests/backend_test.py:139: in test_delete_creation_not_found
    assert r.status_code == 404, r.text[:300]
E   AssertionError: {"detail":"Geçersiz yönetici PIN'i"}
E   assert 401 == 404
E    +  where 401 = &lt;Response [401]&gt;.status_code</failure></testcase></testsuite></testsuites>