<?xml version="1.0" encoding="utf-8"?><testsuites name="pytest tests"><testsuite name="pytest" errors="0" failures="0" skipped="0" tests="37" time="5.423" timestamp="2026-09-24T05:47:05.920963+00:00" hostname="agent-env-bb195a09-1550-4f0c-ac95-72616802328b"><testcase classname="tests.test_security.TestAdminPinAndUpload" name="test_01_pin_available" time="0.000" /><testcase classname="tests.test_security.TestAdminPinAndUpload" name="test_02_delete_logo_without_pin_401" time="0.178" /><testcase classname="tests.test_security.TestAdminPinAndUpload" name="test_03_delete_logo_wrong_pin_401" time="0.061" /><testcase classname="tests.test_gallery_delete" name="test_list_creations" time="0.195" /><testcase classname="tests.test_gallery_delete" name="test_image_cache_control_and_payload" time="0.516" /><testcase classname="tests.test_security.TestAdminPinAndUpload" name="test_04_upload_logo_without_pin_401" time="0.072" /><testcase classname="tests.test_security.TestAdminPinAndUpload" name="test_05_upload_spoofed_content_type_rejected" time="0.083" /><testcase classname="tests.test_security.TestAdminPinAndUpload" name="test_06_real_gif_rejected" time="0.067" /><testcase classname="tests.test_security.TestAdminPinAndUpload" name="test_07_upload_real_plena_logo_with_correct_pin" time="0.590" /><testcase classname="tests.test_gallery_delete" name="test_image_404_for_unknown_id" time="0.057" /><testcase classname="tests.test_gallery_delete" name="test_logo_status_still_set" time="0.059" /><testcase classname="tests.test_gallery_delete" name="test_delete_without_pin_unauthorized" time="0.116" /><testcase classname="tests.test_security.TestAdminPinAndUpload" name="test_08_admin_rate_limit_429" time="0.371" /><testcase classname="tests.test_share_download.TestImageDownload" name="test_dl_param_sets_attachment" time="0.460" /><testcase classname="tests.test_share_download.TestImageDownload" name="test_no_dl_param_no_attachment" time="0.315" /><testcase classname="tests.test_security.TestRegression" name="test_root" time="0.058" /><testcase classname="tests.test_security.TestRegression" name="test_logo_status_and_image" time="0.232" /><testcase classname="tests.test_security.TestRegression" name="test_creations_and_image" time="0.306" /><testcase classname="tests.test_share_download.TestImageDownload" name="test_dl_zero_no_attachment" time="0.520" /><testcase classname="tests.test_security.TestRegression" name="test_image_404" time="0.062" /><testcase classname="tests.test_share_download.TestSharePage" name="test_share_page_valid" time="0.227" /><testcase classname="tests.test_share_download.TestImageDownload" name="test_invalid_image_404" time="0.110" /><testcase classname="tests.test_share_download.TestSharePage" name="test_share_page_invalid_id_404" time="0.113" /><testcase classname="tests.test_instax_name.TestNamedDownloadFilename" name="test_dl_uses_slugified_name" time="0.399" /><testcase classname="tests.test_share_download.TestSharePage" name="test_share_page_image_resolves" time="0.335" /><testcase classname="tests.test_instax_name.TestNamedDownloadFilename" name="test_no_dl_no_disposition" time="0.357" /><testcase classname="tests.test_frame.TestFramedCreation" name="test_framed_creation_exists_named_cerceve_testi" time="0.113" /><testcase classname="tests.test_frame.TestFramedCreation" name="test_framed_image_has_white_border_and_strip" time="0.370" /><testcase classname="tests.test_instax_name.TestNamedDownloadFilename" name="test_unnamed_creation_filename_starts_plena_snap" time="0.440" /><testcase classname="tests.test_instax_name.TestCreationsListName" name="test_named_creation_in_list_with_name" time="0.112" /><testcase classname="tests.test_instax_name.TestCreationsListName" name="test_at_least_one_creation_without_name" time="0.125" /><testcase classname="tests.test_security.TestCaricatureRateLimit" name="test_invalid_body_then_429" time="0.416" /><testcase classname="tests.test_frame.TestCaricatureRequestFrameValidation" name="test_invalid_base64_with_frame_true_returns_400_no_crash" time="0.111" /><testcase classname="tests.test_frame.TestCaricatureRequestFrameValidation" name="test_frame_field_accepts_boolean_false" time="0.107" /><testcase classname="tests.test_instax_name.TestInstaxDimensions" name="test_named_image_is_1200x1600_jpeg" time="1.313" /><testcase classname="tests.test_security.TestCors" name="test_preflight_allows_admin_pin_no_credentials" time="0.002" /><testcase classname="tests.test_frame.TestUnframedCreation" name="test_older_unframed_has_non_white_corner" time="0.346" /></testsuite></testsuites>