<?xml version="1.0" encoding="utf-8"?><testsuites name="pytest tests"><testsuite name="pytest" errors="0" failures="0" skipped="0" tests="8" time="4.055" timestamp="2026-08-30T04:49:32.109947+00:00" hostname="agent-env-bb195a09-1550-4f0c-ac95-72616802328b"><testcase classname="tests.test_login_gate.TestVerifyPin" name="test_no_header_401" time="0.305" /><testcase classname="tests.test_login_gate.TestVerifyGestureValidation" name="test_invalid_base64_returns_400" time="0.259" /><testcase classname="tests.test_login_gate.TestVerifyGestureValidation" name="test_non_image_base64_returns_400" time="0.168" /><testcase classname="tests.test_login_gate.TestVerifyPin" name="test_wrong_pin_401" time="1.047" /><testcase classname="tests.test_login_gate.TestVerifyGestureValidation" name="test_missing_field_returns_422" time="0.046" /><testcase classname="tests.test_login_gate.TestVerifyGestureVLM" name="test_l_sign_image_unlocks" time="1.868" /><testcase classname="tests.test_login_gate.TestVerifyPin" name="test_correct_pin_200" time="1.045" /><testcase classname="tests.test_login_gate.TestVerifyGestureVLM" name="test_no_hand_image_rejected" time="1.359" /></testsuite></testsuites>