<?xml version="1.0" encoding="utf-8"?><testsuites name="pytest tests"><testsuite name="pytest" errors="0" failures="0" skipped="0" tests="7" time="1.901" timestamp="2026-08-30T04:39:29.800044+00:00" hostname="agent-env-bb195a09-1550-4f0c-ac95-72616802328b"><testcase classname="tests.test_share_download.TestImageDownload" name="test_dl_param_sets_attachment" time="0.779" /><testcase classname="tests.test_share_download.TestSharePage" name="test_share_page_valid" time="0.303" /><testcase classname="tests.test_share_download.TestSharePage" name="test_share_page_invalid_id_404" time="0.114" /><testcase classname="tests.test_share_download.TestSharePage" name="test_share_page_image_resolves" time="0.408" /><testcase classname="tests.test_share_download.TestImageDownload" name="test_no_dl_param_no_attachment" time="0.358" /><testcase classname="tests.test_share_download.TestImageDownload" name="test_dl_zero_no_attachment" time="0.283" /><testcase classname="tests.test_share_download.TestImageDownload" name="test_invalid_image_404" time="0.124" /></testsuite></testsuites>