<?xml version="1.0" encoding="utf-8"?><testsuites name="pytest tests"><testsuite name="pytest" errors="0" failures="0" skipped="0" tests="16" time="20.304" timestamp="2026-08-29T12:47:33.499182+00:00" hostname="agent-env-bb195a09-1550-4f0c-ac95-72616802328b"><testcase classname="tests.backend_test.TestKarikaBooth" name="test_root" time="0.380" /><testcase classname="tests.backend_test.TestKarikaBooth" name="test_upload_event_logo" time="0.269" /><testcase classname="tests.backend_test.TestKarikaBooth" name="test_logo_status_exists" time="0.075" /><testcase classname="tests.backend_test.TestKarikaBooth" name="test_logo_image_served" time="0.249" /><testcase classname="tests.backend_test.TestKarikaBooth" name="test_upload_non_image_rejected" time="0.089" /><testcase classname="tests.backend_test.TestKarikaBooth" name="test_caricature_invalid_base64" time="0.089" /><testcase classname="tests.backend_test.TestKarikaBooth" name="test_caricature_missing_field" time="0.075" /><testcase classname="tests.backend_test.TestKarikaBooth" name="test_caricature_with_event_logo" time="9.187" /><testcase classname="tests.backend_test.TestKarikaBooth" name="test_caricature_with_custom_logo" time="7.976" /><testcase classname="tests.backend_test.TestKarikaBooth" name="test_list_creations_contains_new" time="0.080" /><testcase classname="tests.backend_test.TestKarikaBooth" name="test_get_image_ok" time="0.370" /><testcase classname="tests.backend_test.TestKarikaBooth" name="test_get_image_not_found" time="0.075" /><testcase classname="tests.backend_test.TestKarikaBooth" name="test_delete_creation_soft_delete" time="0.236" /><testcase classname="tests.backend_test.TestKarikaBooth" name="test_delete_creation_not_found" time="0.069" /><testcase classname="tests.backend_test.TestKarikaBooth" name="test_delete_event_logo" time="0.218" /><testcase classname="tests.backend_test.TestKarikaBooth" name="test_zz_restore_event_logo_for_frontend" time="0.343" /></testsuite></testsuites>