<?xml version="1.0" encoding="utf-8"?><testsuites name="pytest tests"><testsuite name="pytest" errors="0" failures="1" skipped="0" tests="14" time="2.793" timestamp="2026-08-29T15:00:40.456722+00:00" hostname="agent-env-bb195a09-1550-4f0c-ac95-72616802328b"><testcase classname="tests.test_security.TestRegression" name="test_root" time="0.313" /><testcase classname="tests.test_security.TestAdminPinAndUpload" name="test_01_pin_available" time="0.000" /><testcase classname="tests.test_security.TestAdminPinAndUpload" name="test_02_delete_logo_without_pin_401" time="0.374" /><testcase classname="tests.test_security.TestRegression" name="test_logo_status_and_image" time="0.480" /><testcase classname="tests.test_security.TestAdminPinAndUpload" name="test_03_delete_logo_wrong_pin_401" time="0.072" /><testcase classname="tests.test_security.TestAdminPinAndUpload" name="test_04_upload_logo_without_pin_401" time="0.318" /><testcase classname="tests.test_security.TestAdminPinAndUpload" name="test_05_upload_spoofed_content_type_rejected" time="0.085" /><testcase classname="tests.test_security.TestRegression" name="test_creations_and_image" time="0.737" /><testcase classname="tests.test_security.TestAdminPinAndUpload" name="test_06_real_gif_rejected" time="0.112" /><testcase classname="tests.test_security.TestAdminPinAndUpload" name="test_07_upload_real_plena_logo_with_correct_pin" time="0.923" /><testcase classname="tests.test_security.TestRegression" name="test_image_404" time="0.111" /><testcase classname="tests.test_security.TestCaricatureRateLimit" name="test_invalid_body_then_429" time="0.559" /><testcase classname="tests.test_security.TestAdminPinAndUpload" name="test_08_admin_rate_limit_429" time="0.428" /><testcase classname="tests.test_security.TestCors" name="test_preflight_allows_admin_pin_no_credentials" time="0.108"><failure message="AssertionError: assert 'x-admin-pin' in '*'">test_security.py:128: in test_preflight_allows_admin_pin_no_credentials
    assert "x-admin-pin" in allow_headers
E   AssertionError: assert 'x-admin-pin' in '*'</failure></testcase></testsuite></testsuites>